#
# There is insufficient memory for the Java Runtime Environment to continue.
# Native memory allocation (malloc) failed to allocate 131088 bytes for Chunk::new
# Possible reasons:
#   The system is out of physical RAM or swap space
#   In 32 bit mode, the process size limit was hit
# Possible solutions:
#   Reduce memory load on the system
#   Increase physical memory or swap space
#   Check if swap backing store is full
#   Use 64 bit Java on a 64 bit OS
#   Decrease Java heap size (-Xmx/-Xms)
#   Decrease number of Java threads
#   Decrease Java thread stack sizes (-Xss)
#   Set larger code cache with -XX:ReservedCodeCacheSize=
# This output file may be truncated or incomplete.
#
#  Out of Memory Error (allocation.cpp:390), pid=35784, tid=0x000000000000a58c
#
# JRE version: Java(TM) SE Runtime Environment (8.0_131-b11) (build 1.8.0_131-b11)
# Java VM: Java HotSpot(TM) 64-Bit Server VM (25.131-b11 mixed mode windows-amd64 compressed oops)
# Failed to write core dump. Minidumps are not enabled by default on client versions of Windows
#

---------------  T H R E A D  ---------------

Current thread (0x000000001c384000):  JavaThread "C2 CompilerThread0" daemon [_thread_in_native, id=42380, stack(0x000000001def0000,0x000000001dff0000)]

Stack: [0x000000001def0000,0x000000001dff0000]
[error occurred during error reporting (printing stack bounds), id 0xc0000005]

Native frames: (J=compiled Java code, j=interpreted, Vv=VM code, C=native code)


Current CompileTask:
C2: 268984 14963       4       com.android.tools.r8.dex.DexParser::parseDebugInfo (613 bytes)


---------------  P R O C E S S  ---------------

Java Threads: ( => current thread )
  0x000000002d024800 JavaThread "ForkJoinPool-28-worker-0" daemon [_thread_blocked, id=40292, stack(0x0000000030920000,0x0000000030a20000)]
  0x0000000022823000 JavaThread "ForkJoinPool-28-worker-3" daemon [_thread_blocked, id=42016, stack(0x0000000030380000,0x0000000030480000)]
  0x0000000022822800 JavaThread "ForkJoinPool-28-worker-2" daemon [_thread_blocked, id=6296, stack(0x000000002f970000,0x000000002fa70000)]
  0x0000000022821800 JavaThread "ForkJoinPool-28-worker-1" daemon [_thread_blocked, id=30544, stack(0x000000002ecf0000,0x000000002edf0000)]
  0x0000000022827000 JavaThread "ForkJoinPool.commonPool-worker-3" daemon [_thread_blocked, id=29212, stack(0x000000002fbd0000,0x000000002fcd0000)]
  0x0000000022826000 JavaThread "ForkJoinPool.commonPool-worker-2" daemon [_thread_blocked, id=35572, stack(0x000000002fad0000,0x000000002fbd0000)]
  0x0000000022821000 JavaThread "Cache worker for Java compile cache (D:\workspace_android\my_project\my_sdk\.gradle\5.4.1\javaCompile)" [_thread_blocked, id=40388, stack(0x000000002ebf0000,0x000000002ecf0000)]
  0x0000000022819800 JavaThread "Cache worker for Java compile cache (D:\.gradle\caches\5.4.1\javaCompile)" [_thread_blocked, id=42772, stack(0x000000002eaf0000,0x000000002ebf0000)]
  0x000000002281e800 JavaThread "stdout" daemon [_thread_in_native, id=6552, stack(0x000000002e9f0000,0x000000002eaf0000)]
  0x0000000022820000 JavaThread "stderr" daemon [_thread_in_native, id=42656, stack(0x000000002e8f0000,0x000000002e9f0000)]
  0x000000002281b800 JavaThread "pool-3-thread-1" [_thread_blocked, id=20808, stack(0x000000002e520000,0x000000002e620000)]
  0x000000002281c800 JavaThread "ForkJoinPool.commonPool-worker-1" daemon [_thread_blocked, id=9104, stack(0x000000002d420000,0x000000002d520000)]
  0x000000002281d000 JavaThread "Cache worker for execution history cache (D:\workspace_android\my_project\my_sdk\.gradle\5.4.1\executionHistory)" [_thread_blocked, id=13384, stack(0x000000002d320000,0x000000002d420000)]
  0x000000002281b000 JavaThread "Execution worker for ':' Thread 3" [_thread_blocked, id=8452, stack(0x000000002d220000,0x000000002d320000)]
  0x0000000022818800 JavaThread "Execution worker for ':' Thread 2" [_thread_blocked, id=39532, stack(0x000000002c100000,0x000000002c200000)]
  0x0000000022818000 JavaThread "Execution worker for ':'" [_thread_blocked, id=8952, stack(0x000000002bb60000,0x000000002bc60000)]
  0x000000001f6cc800 JavaThread "Cache worker for file content cache (D:\workspace_android\my_project\my_sdk\.gradle\5.4.1\fileContent)" [_thread_blocked, id=14212, stack(0x000000002ba60000,0x000000002bb60000)]
  0x0000000021dbb800 JavaThread "Cache worker for Build Output Cleanup Cache (D:\workspace_android\my_project\my_sdk\.gradle\buildOutputCleanup)" [_thread_blocked, id=28820, stack(0x000000002b590000,0x000000002b690000)]
  0x0000000021daf800 JavaThread "Build operations Thread 4" [_thread_blocked, id=41496, stack(0x0000000029d30000,0x0000000029e30000)]
  0x0000000021db6800 JavaThread "Build operations Thread 3" [_thread_blocked, id=24744, stack(0x00000000299c0000,0x0000000029ac0000)]
  0x0000000021dae000 JavaThread "Build operations Thread 2" [_thread_blocked, id=41188, stack(0x00000000298c0000,0x00000000299c0000)]
  0x0000000021dad800 JavaThread "Build operations" [_thread_blocked, id=37588, stack(0x0000000026e50000,0x0000000026f50000)]
  0x0000000021db2000 JavaThread "Cache worker for cache directory md-rule (D:\.gradle\caches\5.4.1\md-rule)" [_thread_blocked, id=40956, stack(0x0000000025770000,0x0000000025870000)]
  0x0000000021db4000 JavaThread "Cache worker for cache directory md-supplier (D:\.gradle\caches\5.4.1\md-supplier)" [_thread_blocked, id=5860, stack(0x00000000243e0000,0x00000000244e0000)]
  0x0000000021db1000 JavaThread "Cache worker for file hash cache (D:\workspace_android\my_project\my_sdk\.gradle\5.4.1\fileHashes)" [_thread_blocked, id=37772, stack(0x0000000020970000,0x0000000020a70000)]
  0x000000002147b000 JavaThread "Thread-34" [_thread_blocked, id=9768, stack(0x0000000020870000,0x0000000020970000)]
  0x000000002147a800 JavaThread "Stdin handler" [_thread_blocked, id=41168, stack(0x0000000020770000,0x0000000020870000)]
  0x000000002147c000 JavaThread "Asynchronous log dispatcher for DefaultDaemonConnection: socket connection from /127.0.0.1:49455 to /127.0.0.1:49518" [_thread_blocked, id=22204, stack(0x0000000020670000,0x0000000020770000)]
  0x000000002147c800 JavaThread "Daemon worker Thread 2" [_thread_blocked, id=40668, stack(0x0000000020570000,0x0000000020670000)]
  0x0000000021479800 JavaThread "Cancel handler" [_thread_blocked, id=40976, stack(0x0000000020270000,0x0000000020370000)]
  0x0000000021479000 JavaThread "Handler for socket connection from /127.0.0.1:49455 to /127.0.0.1:49518" [_thread_in_native, id=36800, stack(0x0000000020170000,0x0000000020270000)]
  0x000000002147d800 JavaThread "Daemon Thread 2" [_thread_blocked, id=37440, stack(0x0000000000e20000,0x0000000000f20000)]
  0x0000000021db5800 JavaThread "Cache worker for file content cache (D:\.gradle\caches\5.4.1\fileContent)" [_thread_blocked, id=42996, stack(0x000000002b6c0000,0x000000002b7c0000)]
  0x0000000021db8800 JavaThread "Memory manager" [_thread_blocked, id=32256, stack(0x000000002ae30000,0x000000002af30000)]
  0x0000000021db0800 JavaThread "Cache worker for execution history cache (D:\.gradle\caches\5.4.1\executionHistory)" [_thread_blocked, id=42612, stack(0x00000000281d0000,0x00000000282d0000)]
  0x000000001f6cb800 JavaThread "Cache worker for journal cache (D:\.gradle\caches\journal-1)" [_thread_blocked, id=39124, stack(0x0000000020f70000,0x0000000021070000)]
  0x000000001f6c9800 JavaThread "File lock request listener" [_thread_in_native, id=27080, stack(0x0000000020e70000,0x0000000020f70000)]
  0x000000001f6ca000 JavaThread "Cache worker for file hash cache (D:\.gradle\caches\5.4.1\fileHashes)" [_thread_blocked, id=42632, stack(0x0000000020a70000,0x0000000020b70000)]
  0x000000001f4e4000 JavaThread "Daemon periodic checks" [_thread_blocked, id=42572, stack(0x0000000020070000,0x0000000020170000)]
  0x000000001f480000 JavaThread "Incoming local TCP Connector on port 49455" [_thread_in_native, id=28192, stack(0x000000001fec0000,0x000000001ffc0000)]
  0x000000001f3f9800 JavaThread "Daemon health stats" [_thread_blocked, id=24152, stack(0x000000001fbc0000,0x000000001fcc0000)]
  0x000000001c39e800 JavaThread "Service Thread" daemon [_thread_blocked, id=42488, stack(0x000000001e1f0000,0x000000001e2f0000)]
  0x000000001c386800 JavaThread "C1 CompilerThread2" daemon [_thread_blocked, id=25476, stack(0x000000001e0f0000,0x000000001e1f0000)]
  0x000000001c385800 JavaThread "C2 CompilerThread1" daemon [_thread_in_native, id=42480, stack(0x000000001dff0000,0x000000001e0f0000)]
=>0x000000001c384000 JavaThread "C2 CompilerThread0" daemon [_thread_in_native, id=42380, stack(0x000000001def0000,0x000000001dff0000)]
  0x000000001c377000 JavaThread "JDWP Event Helper Thread" daemon [_thread_blocked, id=41444, stack(0x000000001ddf0000,0x000000001def0000)]
  0x000000001c36c800 JavaThread "JDWP Transport Listener: dt_socket" daemon [_thread_in_native, id=29156, stack(0x000000001dcf0000,0x000000001ddf0000)]
  0x000000001c352800 JavaThread "Attach Listener" daemon [_thread_blocked, id=40676, stack(0x000000001dbf0000,0x000000001dcf0000)]
  0x000000001c364800 JavaThread "Signal Dispatcher" daemon [_thread_blocked, id=34396, stack(0x000000001daf0000,0x000000001dbf0000)]
  0x000000001c32a800 JavaThread "Finalizer" daemon [_thread_blocked, id=42532, stack(0x000000001d590000,0x000000001d690000)]
  0x000000001c309000 JavaThread "Reference Handler" daemon [_thread_blocked, id=36340, stack(0x000000001d490000,0x000000001d590000)]
  0x0000000002c23000 JavaThread "main" [_thread_blocked, id=42512, stack(0x00000000026f0000,0x00000000027f0000)]

Other Threads:
  0x000000001c308000 VMThread [stack: 0x000000001d390000,0x000000001d490000] [id=37204]
  0x000000001d7d9000 WatcherThread [stack: 0x000000001e2f0000,0x000000001e3f0000] [id=42484]

VM state:not at safepoint (normal execution)

VM Mutex/Monitor currently owned by a thread:  ([mutex/lock_event])
[0x000000000283d1e0] CodeCache_lock - owner thread: 0x000000001c386800
[0x0000000002c218d0] Compile_lock - owner thread: 0x0000000000000000

Heap:
 PSYoungGen      total 276992K, used 65231K [0x000000076b100000, 0x0000000783200000, 0x00000007c0000000)
  eden space 226816K, 28% used [0x000000076b100000,0x000000076f0b3d28,0x0000000778e80000)
  from space 50176K, 0% used [0x0000000778e80000,0x0000000778e80000,0x000000077bf80000)
  to   space 51712K, 0% used [0x000000077ff80000,0x000000077ff80000,0x0000000783200000)
 ParOldGen       total 399872K, used 102769K [0x00000006c1200000, 0x00000006d9880000, 0x000000076b100000)
  object space 399872K, 25% used [0x00000006c1200000,0x00000006c765c530,0x00000006d9880000)
 Metaspace       used 95527K, capacity 100882K, committed 101068K, reserved 1136640K
  class space    used 12756K, capacity 13998K, committed 14080K, reserved 1048576K

Card table byte_map: [0x00000000120e0000,0x00000000128e0000] byte_map_base: 0x000000000ead7000

Marking Bits: (ParMarkBitMap*) 0x000000005a3fc720
 Begin Bits: [0x0000000013230000, 0x00000000171e8000)
 End Bits:   [0x00000000171e8000, 0x000000001b1a0000)

Polling page: 0x0000000000b10000

CodeCache: size=245760Kb used=42073Kb max_used=42478Kb free=203686Kb
 bounds [0x0000000002d20000, 0x00000000056e0000, 0x0000000011d20000]
 total_blobs=13630 nmethods=12740 adapters=809
 compilation: enabled

Compilation events (10 events):
Event: 268.979 Thread 0x000000001c386800 15057       2       com.android.tools.r8.graph.DexProgramClass::<init> (96 bytes)
Event: 268.980 Thread 0x000000001c386800 nmethod 15057 0x000000000484f3d0 code [0x000000000484f540, 0x000000000484f958]
Event: 268.980 Thread 0x000000001c386800 15058       2       com.android.tools.r8.graph.DexAnnotation::isMemberClassesAnnotation (20 bytes)
Event: 268.980 Thread 0x000000001c386800 nmethod 15058 0x000000000484f010 code [0x000000000484f160, 0x000000000484f2d0]
Event: 268.980 Thread 0x000000001c386800 15054       2       com.android.tools.r8.graph.DexAnnotation::getSystemValueAnnotationValue (75 bytes)
Event: 268.980 Thread 0x000000001c386800 nmethod 15054 0x000000000484ebd0 code [0x000000000484ed40, 0x000000000484eed0]
Event: 268.980 Thread 0x000000001c386800 15052       2       java.util.SubList$1::<init> (41 bytes)
Event: 268.980 Thread 0x000000001c386800 nmethod 15052 0x000000000484e790 code [0x000000000484e900, 0x000000000484eae8]
Event: 268.980 Thread 0x000000001c386800 15060       2       com.android.tools.r8.utils.Pair::<init> (15 bytes)
Event: 268.980 Thread 0x000000001c386800 nmethod 15060 0x000000000484e450 code [0x000000000484e5a0, 0x000000000484e710]

GC Heap History (10 events):
Event: 17.547 GC heap before
{Heap before GC invocations=15 (full 3):
 PSYoungGen      total 191488K, used 187185K [0x000000076b100000, 0x000000077a480000, 0x00000007c0000000)
  eden space 171008K, 100% used [0x000000076b100000,0x0000000775800000,0x0000000775800000)
  from space 20480K, 78% used [0x0000000775800000,0x00000007767cc538,0x0000000776c00000)
  to   space 20992K, 0% used [0x0000000779000000,0x0000000779000000,0x000000077a480000)
 ParOldGen       total 255488K, used 35528K [0x00000006c1200000, 0x00000006d0b80000, 0x000000076b100000)
  object space 255488K, 13% used [0x00000006c1200000,0x00000006c34b2360,0x00000006d0b80000)
 Metaspace       used 71873K, capacity 75818K, committed 75992K, reserved 1114112K
  class space    used 9932K, capacity 10952K, committed 11008K, reserved 1048576K
Event: 17.611 GC heap after
Heap after GC invocations=15 (full 3):
 PSYoungGen      total 220160K, used 20984K [0x000000076b100000, 0x000000077b880000, 0x00000007c0000000)
  eden space 199168K, 0% used [0x000000076b100000,0x000000076b100000,0x0000000777380000)
  from space 20992K, 99% used [0x0000000779000000,0x000000077a47e030,0x000000077a480000)
  to   space 29184K, 0% used [0x0000000777380000,0x0000000777380000,0x0000000779000000)
 ParOldGen       total 255488K, used 50728K [0x00000006c1200000, 0x00000006d0b80000, 0x000000076b100000)
  object space 255488K, 19% used [0x00000006c1200000,0x00000006c438a330,0x00000006d0b80000)
 Metaspace       used 71873K, capacity 75818K, committed 75992K, reserved 1114112K
  class space    used 9932K, capacity 10952K, committed 11008K, reserved 1048576K
}
Event: 263.216 GC heap before
{Heap before GC invocations=16 (full 3):
 PSYoungGen      total 220160K, used 220152K [0x000000076b100000, 0x000000077b880000, 0x00000007c0000000)
  eden space 199168K, 100% used [0x000000076b100000,0x0000000777380000,0x0000000777380000)
  from space 20992K, 99% used [0x0000000779000000,0x000000077a47e030,0x000000077a480000)
  to   space 29184K, 0% used [0x0000000777380000,0x0000000777380000,0x0000000779000000)
 ParOldGen       total 255488K, used 50728K [0x00000006c1200000, 0x00000006d0b80000, 0x000000076b100000)
  object space 255488K, 19% used [0x00000006c1200000,0x00000006c438a330,0x00000006d0b80000)
 Metaspace       used 77543K, capacity 81926K, committed 82136K, reserved 1120256K
  class space    used 10436K, capacity 11518K, committed 11520K, reserved 1048576K
Event: 263.256 GC heap after
Heap after GC invocations=16 (full 3):
 PSYoungGen      total 228352K, used 29168K [0x000000076b100000, 0x000000077e580000, 0x00000007c0000000)
  eden space 199168K, 0% used [0x000000076b100000,0x000000076b100000,0x0000000777380000)
  from space 29184K, 99% used [0x0000000777380000,0x0000000778ffc060,0x0000000779000000)
  to   space 38912K, 0% used [0x000000077bf80000,0x000000077bf80000,0x000000077e580000)
 ParOldGen       total 255488K, used 66825K [0x00000006c1200000, 0x00000006d0b80000, 0x000000076b100000)
  object space 255488K, 26% used [0x00000006c1200000,0x00000006c53424d0,0x00000006d0b80000)
 Metaspace       used 77543K, capacity 81926K, committed 82136K, reserved 1120256K
  class space    used 10436K, capacity 11518K, committed 11520K, reserved 1048576K
}
Event: 266.753 GC heap before
{Heap before GC invocations=17 (full 3):
 PSYoungGen      total 228352K, used 228283K [0x000000076b100000, 0x000000077e580000, 0x00000007c0000000)
  eden space 199168K, 99% used [0x000000076b100000,0x0000000777372c70,0x0000000777380000)
  from space 29184K, 99% used [0x0000000777380000,0x0000000778ffc060,0x0000000779000000)
  to   space 38912K, 0% used [0x000000077bf80000,0x000000077bf80000,0x000000077e580000)
 ParOldGen       total 255488K, used 66825K [0x00000006c1200000, 0x00000006d0b80000, 0x000000076b100000)
  object space 255488K, 26% used [0x00000006c1200000,0x00000006c53424d0,0x00000006d0b80000)
 Metaspace       used 85607K, capacity 90264K, committed 90456K, reserved 1126400K
  class space    used 11405K, capacity 12547K, committed 12672K, reserved 1048576K
Event: 266.797 GC heap after
Heap after GC invocations=17 (full 3):
 PSYoungGen      total 265728K, used 38888K [0x000000076b100000, 0x000000077fc80000, 0x00000007c0000000)
  eden space 226816K, 0% used [0x000000076b100000,0x000000076b100000,0x0000000778e80000)
  from space 38912K, 99% used [0x000000077bf80000,0x000000077e57a2c8,0x000000077e580000)
  to   space 50176K, 0% used [0x0000000778e80000,0x0000000778e80000,0x000000077bf80000)
 ParOldGen       total 255488K, used 81921K [0x00000006c1200000, 0x00000006d0b80000, 0x000000076b100000)
  object space 255488K, 32% used [0x00000006c1200000,0x00000006c62004b8,0x00000006d0b80000)
 Metaspace       used 85607K, capacity 90264K, committed 90456K, reserved 1126400K
  class space    used 11405K, capacity 12547K, committed 12672K, reserved 1048576K
}
Event: 268.010 GC heap before
{Heap before GC invocations=18 (full 3):
 PSYoungGen      total 265728K, used 176571K [0x000000076b100000, 0x000000077fc80000, 0x00000007c0000000)
  eden space 226816K, 60% used [0x000000076b100000,0x0000000773774a28,0x0000000778e80000)
  from space 38912K, 99% used [0x000000077bf80000,0x000000077e57a2c8,0x000000077e580000)
  to   space 50176K, 0% used [0x0000000778e80000,0x0000000778e80000,0x000000077bf80000)
 ParOldGen       total 255488K, used 81921K [0x00000006c1200000, 0x00000006d0b80000, 0x000000076b100000)
  object space 255488K, 32% used [0x00000006c1200000,0x00000006c62004b8,0x00000006d0b80000)
 Metaspace       used 93284K, capacity 98348K, committed 98380K, reserved 1134592K
  class space    used 12444K, capacity 13679K, committed 13696K, reserved 1048576K
Event: 268.067 GC heap after
Heap after GC invocations=18 (full 3):
 PSYoungGen      total 276992K, used 33513K [0x000000076b100000, 0x0000000783200000, 0x00000007c0000000)
  eden space 226816K, 0% used [0x000000076b100000,0x000000076b100000,0x0000000778e80000)
  from space 50176K, 66% used [0x0000000778e80000,0x000000077af3a5c0,0x000000077bf80000)
  to   space 51712K, 0% used [0x000000077ff80000,0x000000077ff80000,0x0000000783200000)
 ParOldGen       total 255488K, used 106281K [0x00000006c1200000, 0x00000006d0b80000, 0x000000076b100000)
  object space 255488K, 41% used [0x00000006c1200000,0x00000006c79ca518,0x00000006d0b80000)
 Metaspace       used 93284K, capacity 98348K, committed 98380K, reserved 1134592K
  class space    used 12444K, capacity 13679K, committed 13696K, reserved 1048576K
}
Event: 268.067 GC heap before
{Heap before GC invocations=19 (full 4):
 PSYoungGen      total 276992K, used 33513K [0x000000076b100000, 0x0000000783200000, 0x00000007c0000000)
  eden space 226816K, 0% used [0x000000076b100000,0x000000076b100000,0x0000000778e80000)
  from space 50176K, 66% used [0x0000000778e80000,0x000000077af3a5c0,0x000000077bf80000)
  to   space 51712K, 0% used [0x000000077ff80000,0x000000077ff80000,0x0000000783200000)
 ParOldGen       total 255488K, used 106281K [0x00000006c1200000, 0x00000006d0b80000, 0x000000076b100000)
  object space 255488K, 41% used [0x00000006c1200000,0x00000006c79ca518,0x00000006d0b80000)
 Metaspace       used 93284K, capacity 98348K, committed 98380K, reserved 1134592K
  class space    used 12444K, capacity 13679K, committed 13696K, reserved 1048576K
Event: 268.343 GC heap after
Heap after GC invocations=19 (full 4):
 PSYoungGen      total 276992K, used 0K [0x000000076b100000, 0x0000000783200000, 0x00000007c0000000)
  eden space 226816K, 0% used [0x000000076b100000,0x000000076b100000,0x0000000778e80000)
  from space 50176K, 0% used [0x0000000778e80000,0x0000000778e80000,0x000000077bf80000)
  to   space 51712K, 0% used [0x000000077ff80000,0x000000077ff80000,0x0000000783200000)
 ParOldGen       total 399872K, used 102769K [0x00000006c1200000, 0x00000006d9880000, 0x000000076b100000)
  object space 399872K, 25% used [0x00000006c1200000,0x00000006c765c530,0x00000006d9880000)
 Metaspace       used 92926K, capacity 97798K, committed 98380K, reserved 1134592K
  class space    used 12362K, capacity 13564K, committed 13696K, reserved 1048576K
}

Deoptimization events (10 events):
Event: 268.604 Thread 0x0000000022818000 Uncommon trap: reason=class_check action=maybe_recompile pc=0x0000000005132088 method=com.google.common.collect.ImmutableMap.copyOf(Ljava/util/Map;)Lcom/google/common/collect/ImmutableMap; @ 49
Event: 268.659 Thread 0x0000000022821800 Uncommon trap: reason=unstable_if action=reinterpret pc=0x0000000004480a78 method=java.nio.Bits.getShort(Ljava/nio/ByteBuffer;IZ)S @ 1
Event: 268.683 Thread 0x0000000022821800 Uncommon trap: reason=unstable_if action=reinterpret pc=0x0000000004530190 method=com.android.tools.r8.utils.LebUtils.parseUleb128(Lcom/android/tools/r8/dex/BinaryReader;)I @ 27
Event: 268.691 Thread 0x0000000022821800 Uncommon trap: reason=unstable_if action=reinterpret pc=0x000000000567acdc method=com.android.tools.r8.utils.LebUtils.parseUleb128(Lcom/android/tools/r8/dex/BinaryReader;)I @ 27
Event: 268.748 Thread 0x0000000022821800 Uncommon trap: reason=unstable_if action=reinterpret pc=0x00000000056c2528 method=java.util.concurrent.ForkJoinPool.helpStealer(Ljava/util/concurrent/ForkJoinPool$WorkQueue;Ljava/util/concurrent/ForkJoinTask;)V @ 95
Event: 268.791 Thread 0x0000000022823000 Uncommon trap: reason=unstable_if action=reinterpret pc=0x00000000037ad9cc method=java.util.Arrays.hashCode([Ljava/lang/Object;)I @ 1
Event: 268.818 Thread 0x000000002d024800 Uncommon trap: reason=unstable_if action=reinterpret pc=0x00000000052b3eac method=com.android.tools.r8.graph.DexString.slowCompareTo(Lcom/android/tools/r8/graph/DexString;)I @ 136
Event: 268.819 Thread 0x0000000022821800 Uncommon trap: reason=unstable_if action=reinterpret pc=0x00000000056c3c28 method=java.util.concurrent.ForkJoinPool.tryCompensate(Ljava/util/concurrent/ForkJoinPool$WorkQueue;)Z @ 113
Event: 268.840 Thread 0x0000000022823000 Uncommon trap: reason=unstable_if action=reinterpret pc=0x0000000005689f00 method=com.android.tools.r8.utils.IdentifierUtils.isSimpleNameChar(I)Z @ 45
Event: 268.961 Thread 0x0000000022822800 Uncommon trap: reason=unloaded action=reinterpret pc=0x0000000003c52bd0 method=com.android.tools.r8.dex.DexParser.parseEncodedValue()Lcom/android/tools/r8/graph/DexValue; @ 493

Internal exceptions (10 events):
Event: 267.272 Thread 0x0000000022818000 Exception <a 'sun/nio/fs/WindowsException'> (0x000000076d028d00) thrown at [C:\re\workspace\8-2-build-windows-amd64-cygwin\jdk8u131\8869\hotspot\src\share\vm\prims\jni.cpp, line 709]
Event: 267.447 Thread 0x0000000022826000 Exception <a 'java/lang/NoSuchMethodError': java.lang.Object.lambda$and$0(Ljava/util/function/Predicate;Ljava/lang/Object;)Z> (0x00000007708abce0) thrown at [C:\re\workspace\8-2-build-windows-amd64-cygwin\jdk8u131\8869\hotspot\src\share\vm\interpreter\lin
Event: 267.447 Thread 0x0000000022827000 Exception <a 'java/lang/NoSuchMethodError': java.lang.Object.lambda$and$0(Ljava/util/function/Predicate;Ljava/lang/Object;)Z> (0x000000077183bfb0) thrown at [C:\re\workspace\8-2-build-windows-amd64-cygwin\jdk8u131\8869\hotspot\src\share\vm\interpreter\lin
Event: 267.480 Thread 0x0000000022826000 Exception <a 'sun/nio/fs/WindowsException'> (0x0000000771abf0d0) thrown at [C:\re\workspace\8-2-build-windows-amd64-cygwin\jdk8u131\8869\hotspot\src\share\vm\prims\jni.cpp, line 709]
Event: 267.484 Thread 0x0000000022827000 Exception <a 'sun/nio/fs/WindowsException'> (0x0000000771a9d1f8) thrown at [C:\re\workspace\8-2-build-windows-amd64-cygwin\jdk8u131\8869\hotspot\src\share\vm\prims\jni.cpp, line 709]
Event: 268.506 Thread 0x0000000022826000 Exception <a 'sun/nio/fs/WindowsException'> (0x000000076bd040d8) thrown at [C:\re\workspace\8-2-build-windows-amd64-cygwin\jdk8u131\8869\hotspot\src\share\vm\prims\jni.cpp, line 709]
Event: 268.506 Thread 0x0000000022827000 Exception <a 'sun/nio/fs/WindowsException'> (0x000000076bc567b0) thrown at [C:\re\workspace\8-2-build-windows-amd64-cygwin\jdk8u131\8869\hotspot\src\share\vm\prims\jni.cpp, line 709]
Event: 268.510 Thread 0x0000000022827000 Exception <a 'sun/nio/fs/WindowsException'> (0x000000076bca1838) thrown at [C:\re\workspace\8-2-build-windows-amd64-cygwin\jdk8u131\8869\hotspot\src\share\vm\prims\jni.cpp, line 709]
Event: 268.652 Thread 0x0000000022821800 Exception <a 'sun/nio/fs/WindowsException'> (0x000000076c787bd0) thrown at [C:\re\workspace\8-2-build-windows-amd64-cygwin\jdk8u131\8869\hotspot\src\share\vm\prims\jni.cpp, line 709]
Event: 268.791 Thread 0x0000000022823000 Implicit null exception at 0x00000000037ad8af to 0x00000000037ad9bd

Events (10 events):
Event: 268.821 loading class com/android/tools/r8/dex/DexParser
Event: 268.821 loading class com/android/tools/r8/dex/DexParser done
Event: 268.822 Executing VM operation: RevokeBias
Event: 268.823 Executing VM operation: RevokeBias done
Event: 268.840 Thread 0x0000000022823000 Uncommon trap: trap_request=0xffffff65 fr.pc=0x0000000005689f00
Event: 268.840 Thread 0x0000000022823000 DEOPT PACKING pc=0x0000000005689f00 sp=0x000000003047ea70
Event: 268.840 Thread 0x0000000022823000 DEOPT UNPACKING pc=0x0000000002d6582a sp=0x000000003047ea08 mode 2
Event: 268.961 Thread 0x0000000022822800 Uncommon trap: trap_request=0x0000003d fr.pc=0x0000000003c52bd0
Event: 268.961 Thread 0x0000000022822800 DEOPT PACKING pc=0x0000000003c52bd0 sp=0x000000002fa6e520
Event: 268.961 Thread 0x0000000022822800 DEOPT UNPACKING pc=0x0000000002d6582a sp=0x000000002fa6e4e8 mode 2


Dynamic libraries:
0x00007ff65fa70000 - 0x00007ff65faa7000 	D:\Java\jdk1.8.0_131\bin\java.exe
0x00007ffcadf70000 - 0x00007ffcae168000 	C:\WINDOWS\SYSTEM32\ntdll.dll
0x00007ffcadd20000 - 0x00007ffcadddd000 	C:\WINDOWS\System32\KERNEL32.DLL
0x00007ffcab880000 - 0x00007ffcabb76000 	C:\WINDOWS\System32\KERNELBASE.dll
0x00007ffcabfd0000 - 0x00007ffcac07f000 	C:\WINDOWS\System32\ADVAPI32.dll
0x00007ffcadde0000 - 0x00007ffcade7e000 	C:\WINDOWS\System32\msvcrt.dll
0x00007ffcac590000 - 0x00007ffcac62c000 	C:\WINDOWS\System32\sechost.dll
0x00007ffcad5c0000 - 0x00007ffcad6e6000 	C:\WINDOWS\System32\RPCRT4.dll
0x00007ffcad8a0000 - 0x00007ffcada3e000 	C:\WINDOWS\System32\USER32.dll
0x00007ffcabb80000 - 0x00007ffcabba2000 	C:\WINDOWS\System32\win32u.dll
0x00007ffcadcd0000 - 0x00007ffcadcfc000 	C:\WINDOWS\System32\GDI32.dll
0x00007ffcab650000 - 0x00007ffcab76a000 	C:\WINDOWS\System32\gdi32full.dll
0x00007ffcabf30000 - 0x00007ffcabfcd000 	C:\WINDOWS\System32\msvcp_win.dll
0x00007ffcabe30000 - 0x00007ffcabf30000 	C:\WINDOWS\System32\ucrtbase.dll
0x00007ffc9e5f0000 - 0x00007ffc9e88a000 	C:\WINDOWS\WinSxS\amd64_microsoft.windows.common-controls_6595b64144ccf1df_6.0.19041.3636_none_60b6a03d71f818d5\COMCTL32.dll
0x00007ffcac6c0000 - 0x00007ffcac6f0000 	C:\WINDOWS\System32\IMM32.DLL
0x000000005af30000 - 0x000000005b002000 	D:\Java\jdk1.8.0_131\jre\bin\msvcr100.dll
0x0000000059be0000 - 0x000000005a47c000 	D:\Java\jdk1.8.0_131\jre\bin\server\jvm.dll
0x00007ffcadb70000 - 0x00007ffcadb78000 	C:\WINDOWS\System32\PSAPI.DLL
0x00007ffca8730000 - 0x00007ffca8739000 	C:\WINDOWS\SYSTEM32\WSOCK32.dll
0x00007ffca8520000 - 0x00007ffca852a000 	C:\WINDOWS\SYSTEM32\VERSION.dll
0x00007ffc96450000 - 0x00007ffc96477000 	C:\WINDOWS\SYSTEM32\WINMM.dll
0x00007ffcad760000 - 0x00007ffcad7cb000 	C:\WINDOWS\System32\WS2_32.dll
0x000000005af20000 - 0x000000005af2f000 	D:\Java\jdk1.8.0_131\jre\bin\verify.dll
0x000000005aef0000 - 0x000000005af19000 	D:\Java\jdk1.8.0_131\jre\bin\java.dll
0x0000000059a20000 - 0x0000000059a55000 	D:\Java\jdk1.8.0_131\jre\bin\jdwp.dll
0x0000000059a10000 - 0x0000000059a18000 	D:\Java\jdk1.8.0_131\jre\bin\npt.dll
0x000000005aed0000 - 0x000000005aee6000 	D:\Java\jdk1.8.0_131\jre\bin\zip.dll
0x00007ffcace10000 - 0x00007ffcad554000 	C:\WINDOWS\System32\SHELL32.dll
0x00007ffca91b0000 - 0x00007ffca994b000 	C:\WINDOWS\SYSTEM32\windows.storage.dll
0x00007ffcac230000 - 0x00007ffcac584000 	C:\WINDOWS\System32\combase.dll
0x00007ffcaafc0000 - 0x00007ffcaafed000 	C:\WINDOWS\SYSTEM32\Wldp.dll
0x00007ffcacd60000 - 0x00007ffcace0d000 	C:\WINDOWS\System32\SHCORE.dll
0x00007ffcad560000 - 0x00007ffcad5b5000 	C:\WINDOWS\System32\shlwapi.dll
0x00007ffcab580000 - 0x00007ffcab5a5000 	C:\WINDOWS\SYSTEM32\profapi.dll
0x0000000059a00000 - 0x0000000059a09000 	D:\Java\jdk1.8.0_131\jre\bin\dt_socket.dll
0x00007ffcaad20000 - 0x00007ffcaad8a000 	C:\WINDOWS\system32\mswsock.dll
0x000000005aeb0000 - 0x000000005aeca000 	D:\Java\jdk1.8.0_131\jre\bin\net.dll
0x0000000059bc0000 - 0x0000000059bd1000 	D:\Java\jdk1.8.0_131\jre\bin\nio.dll
0x00007ffc93160000 - 0x00007ffc93186000 	D:\.gradle\native\29\windows-amd64\native-platform.dll
0x000000005aea0000 - 0x000000005aead000 	D:\Java\jdk1.8.0_131\jre\bin\management.dll
0x00007ffcaaf20000 - 0x00007ffcaaf38000 	C:\WINDOWS\SYSTEM32\CRYPTSP.dll
0x00007ffcaa650000 - 0x00007ffcaa684000 	C:\WINDOWS\system32\rsaenh.dll
0x00007ffcab850000 - 0x00007ffcab877000 	C:\WINDOWS\System32\bcrypt.dll
0x00007ffcab4b0000 - 0x00007ffcab4de000 	C:\WINDOWS\SYSTEM32\USERENV.dll
0x00007ffcab770000 - 0x00007ffcab7f2000 	C:\WINDOWS\System32\bcryptprimitives.dll
0x00007ffcaaf10000 - 0x00007ffcaaf1c000 	C:\WINDOWS\SYSTEM32\CRYPTBASE.dll
0x00007ffcaaa10000 - 0x00007ffcaaa4b000 	C:\WINDOWS\SYSTEM32\IPHLPAPI.DLL
0x00007ffcadcc0000 - 0x00007ffcadcc8000 	C:\WINDOWS\System32\NSI.dll
0x00007ffca57e0000 - 0x00007ffca57f7000 	C:\WINDOWS\SYSTEM32\dhcpcsvc6.DLL
0x00007ffca57a0000 - 0x00007ffca57bd000 	C:\WINDOWS\SYSTEM32\dhcpcsvc.DLL
0x00007ffcaaab0000 - 0x00007ffcaab7a000 	C:\WINDOWS\SYSTEM32\DNSAPI.dll

VM Arguments:
jvm_args: -agentlib:jdwp=transport=dt_socket,server=y,suspend=n,address=5005//??¡¥??¡ê??¡¤???¨¦??????????¡¤ -Dfile.encoding=UTF-8 -Duser.country=CN -Duser.language=zh -Duser.variant 
java_command: org.gradle.launcher.daemon.bootstrap.GradleDaemon 5.4.1
java_class_path (initial): D:\.gradle\wrapper\dists\gradle-5.4.1-all\3221gyojl5jsh0helicew7rwx\gradle-5.4.1\lib\gradle-launcher-5.4.1.jar
Launcher Type: SUN_STANDARD

Environment Variables:
JAVA_HOME=D:\Java\jdk1.8.0_131
CLASSPATH=.;D:\Java\jdk1.8.0_131\lib;D:\Java\jdk1.8.0_131\lib\tools.jar
PATH=C:\Program Files\Common Files\Oracle\Java\javapath;D:\apache-maven-3.6.3-bin\bin;C:\WINDOWS\system32;C:\WINDOWS;C:\WINDOWS\System32\Wbem;C:\WINDOWS\System32\WindowsPowerShell\v1.0\;C:\Program Files\IDM Computer Solutions\UltraEdit;D:\Android_sdk\platform-tools;D:\Android_sdk\tools;D:\Java\jdk1.8.0_131\bin;C:\Users\ztq\.gradle\wrapper\dists\gradle-5.1.1-all\97z1ksx6lirer3kbvdnh7jtjg\gradle-5.1.1\bin;D:\OpenSSL-Win64\bin;C:\WINDOWS\System32\OpenSSH\;D:\apache-tomcat-8.5.57\lib;D:\apache-tomcat-8.5.57\lib\servlet-api.jar;D:\apache-tomcat-8.5.57\lib\jsp-api.jar;D:\TortoiseGit\bin;C:\Program Files\MySQL\MySQL Server 5.7\bin;D:\Microsoft VS Code\bin;D:\hadoop-2.9.2\bin;D:\TortoiseSVN\bin;D:\Git\cmd;C:\Program Files (x86)\Microsoft SQL Server\90\Tools\binn\;D:\scala\bin;D:\Python2.7.10;D:\kotlin-compiler-1.6.10\bin;D:\gradle-7.5-all\bin;;D:\Git LFS;C:\Users\ztq\AppData\Local\Microsoft\WindowsApps;
USERNAME=ztq
OS=Windows_NT
PROCESSOR_IDENTIFIER=Intel64 Family 6 Model 60 Stepping 3, GenuineIntel



---------------  S Y S T E M  ---------------

OS: Windows 10.0 , 64 bit Build 19041 (10.0.19041.3636)

CPU:total 4 (initial active 4) (4 cores per cpu, 1 threads per core) family 6 model 60 stepping 3, cmov, cx8, fxsr, mmx, sse, sse2, sse3, ssse3, sse4.1, sse4.2, popcnt, avx, avx2, aes, clmul, erms, lzcnt, tsc, tscinvbit, bmi1, bmi2

Memory: 4k page, physical 16695744k(3182524k free), swap 30593796k(6304k free)

vm_info: Java HotSpot(TM) 64-Bit Server VM (25.131-b11) for windows-amd64 JRE (1.8.0_131-b11), built on Mar 15 2017 01:23:53 by "java_re" with MS VC++ 10.0 (VS2010)

time: Tue Nov 28 16:46:52 2023
elapsed time: 268 seconds (0d 0h 4m 28s)

