#
# There is insufficient memory for the Java Runtime Environment to continue.
# Native memory allocation (malloc) failed to allocate 1886896 bytes for Chunk::new
# Possible reasons:
#   The system is out of physical RAM or swap space
#   In 32 bit mode, the process size limit was hit
# Possible solutions:
#   Reduce memory load on the system
#   Increase physical memory or swap space
#   Check if swap backing store is full
#   Use 64 bit Java on a 64 bit OS
#   Decrease Java heap size (-Xmx/-Xms)
#   Decrease number of Java threads
#   Decrease Java thread stack sizes (-Xss)
#   Set larger code cache with -XX:ReservedCodeCacheSize=
# This output file may be truncated or incomplete.
#
#  Out of Memory Error (allocation.cpp:390), pid=15924, tid=0x0000000000001234
#
# JRE version: Java(TM) SE Runtime Environment (8.0_131-b11) (build 1.8.0_131-b11)
# Java VM: Java HotSpot(TM) 64-Bit Server VM (25.131-b11 mixed mode windows-amd64 compressed oops)
# Failed to write core dump. Minidumps are not enabled by default on client versions of Windows
#

---------------  T H R E A D  ---------------

Current thread (0x000000001bb59000):  JavaThread "C2 CompilerThread1" daemon [_thread_in_native, id=4660, stack(0x000000001c250000,0x000000001c350000)]

Stack: [0x000000001c250000,0x000000001c350000]
[error occurred during error reporting (printing stack bounds), id 0xc0000005]

Native frames: (J=compiled Java code, j=interpreted, Vv=VM code, C=native code)


Current CompileTask:
C2: 110307 22849       4       org.gradle.internal.component.local.model.DefaultLocalComponentMetadata::addVariant (127 bytes)


---------------  P R O C E S S  ---------------

Java Threads: ( => current thread )
  0x000000001f393000 JavaThread "Cache worker for execution history cache (D:\workspace_android\my_project\my_sdk\.gradle\5.1.1\executionHistory)" [_thread_blocked, id=23704, stack(0x00000000291c0000,0x00000000292c0000)]
  0x000000001f396000 JavaThread "Execution worker for ':' Thread 3" [_thread_in_Java, id=31560, stack(0x00000000290c0000,0x00000000291c0000)]
  0x000000002320e000 JavaThread "Execution worker for ':' Thread 2" [_thread_in_native, id=32056, stack(0x0000000028fc0000,0x00000000290c0000)]
  0x000000002320b000 JavaThread "Execution worker for ':'" [_thread_in_native, id=30264, stack(0x0000000028ec0000,0x0000000028fc0000)]
  0x000000002320a800 JavaThread "Cache worker for file content cache (D:\workspace_android\my_project\my_sdk\.gradle\5.1.1\fileContent)" [_thread_blocked, id=11392, stack(0x0000000028ac0000,0x0000000028bc0000)]
  0x0000000023209800 JavaThread "Cache worker for Build Output Cleanup Cache (D:\workspace_android\my_project\my_sdk\.gradle\buildOutputCleanup)" [_thread_blocked, id=25020, stack(0x00000000289c0000,0x0000000028ac0000)]
  0x0000000023209000 JavaThread "Build operations Thread 4" [_thread_blocked, id=5312, stack(0x00000000288c0000,0x00000000289c0000)]
  0x000000002320d800 JavaThread "Build operations Thread 3" [_thread_blocked, id=30516, stack(0x00000000287c0000,0x00000000288c0000)]
  0x000000002320c800 JavaThread "Build operations Thread 2" [_thread_blocked, id=31124, stack(0x0000000026360000,0x0000000026460000)]
  0x000000002320c000 JavaThread "Build operations" [_thread_blocked, id=25856, stack(0x0000000025c60000,0x0000000025d60000)]
  0x0000000023200000 JavaThread "Cache worker for cache directory md-rule (D:\.gradle\caches\5.1.1\md-rule)" [_thread_blocked, id=27248, stack(0x0000000025b60000,0x0000000025c60000)]
  0x0000000023206800 JavaThread "Cache worker for cache directory md-supplier (D:\.gradle\caches\5.1.1\md-supplier)" [_thread_blocked, id=32320, stack(0x0000000025a60000,0x0000000025b60000)]
  0x0000000023205000 JavaThread "Cache worker for file hash cache (D:\workspace_android\my_project\my_sdk\.gradle\5.1.1\fileHashes)" [_thread_blocked, id=7520, stack(0x0000000025960000,0x0000000025a60000)]
  0x00000000231ff000 JavaThread "Thread-52" [_thread_blocked, id=30024, stack(0x0000000021290000,0x0000000021390000)]
  0x0000000023206000 JavaThread "Stdin handler" [_thread_blocked, id=32688, stack(0x000000001ebf0000,0x000000001ecf0000)]
  0x0000000023203800 JavaThread "Asynchronous log dispatcher for DefaultDaemonConnection: socket connection from /127.0.0.1:61906 to /127.0.0.1:62761" [_thread_blocked_trans, id=1264, stack(0x000000001e7f0000,0x000000001e8f0000)]
  0x0000000023202000 JavaThread "Cancel handler" [_thread_blocked, id=25308, stack(0x000000001e4f0000,0x000000001e5f0000)]
  0x0000000023204800 JavaThread "Handler for socket connection from /127.0.0.1:61906 to /127.0.0.1:62761" [_thread_in_native, id=31552, stack(0x00000000016e0000,0x00000000017e0000)]
  0x0000000023207800 JavaThread "Cache worker for Java compile cache (D:\.gradle\caches\5.1.1\javaCompile)" [_thread_blocked, id=18232, stack(0x000000002abc0000,0x000000002acc0000)]
  0x000000001d9d3000 JavaThread "Cache worker for file content cache (D:\.gradle\caches\5.1.1\fileContent)" [_thread_blocked, id=32336, stack(0x0000000028bc0000,0x0000000028cc0000)]
  0x000000001f39c000 JavaThread "pool-2-thread-4" [_thread_blocked, id=30232, stack(0x00000000284c0000,0x00000000285c0000)]
  0x000000001f399800 JavaThread "pool-2-thread-3" [_thread_blocked, id=21800, stack(0x00000000283c0000,0x00000000284c0000)]
  0x000000001f399000 JavaThread "pool-2-thread-2" [_thread_blocked, id=30864, stack(0x00000000282c0000,0x00000000283c0000)]
  0x000000001f391800 JavaThread "pool-2-thread-1" [_thread_blocked, id=32600, stack(0x0000000027d60000,0x0000000027e60000)]
  0x000000001f396800 JavaThread "Memory manager" [_thread_blocked, id=23620, stack(0x0000000027460000,0x0000000027560000)]
  0x000000001d9d7800 JavaThread "Cache worker for execution history cache (D:\.gradle\caches\5.1.1\executionHistory)" [_thread_blocked, id=31884, stack(0x0000000023fe0000,0x00000000240e0000)]
  0x000000001d9d2000 JavaThread "Cache worker for journal cache (D:\.gradle\caches\journal-1)" [_thread_in_native, id=27404, stack(0x000000001eef0000,0x000000001eff0000)]
  0x000000001d9d8000 JavaThread "File lock request listener" [_thread_in_native, id=15984, stack(0x000000001edf0000,0x000000001eef0000)]
  0x000000001d9d4800 JavaThread "Cache worker for file hash cache (D:\.gradle\caches\5.1.1\fileHashes)" [_thread_blocked, id=30440, stack(0x000000001ecf0000,0x000000001edf0000)]
  0x000000001d7f3800 JavaThread "Daemon worker" [_thread_in_native, id=27860, stack(0x000000001e8f0000,0x000000001e9f0000)]
  0x000000001d7c6000 JavaThread "Daemon" [_thread_blocked, id=31024, stack(0x000000001e3f0000,0x000000001e4f0000)]
  0x000000001d7b4800 JavaThread "Daemon periodic checks" [_thread_blocked, id=20936, stack(0x000000001e2f0000,0x000000001e3f0000)]
  0x000000001d662800 JavaThread "Incoming local TCP Connector on port 61906" [_thread_in_native, id=27620, stack(0x000000001e140000,0x000000001e240000)]
  0x000000001da4b000 JavaThread "Daemon health stats" [_thread_blocked, id=19048, stack(0x000000001de20000,0x000000001df20000)]
  0x000000001bbb4800 JavaThread "Service Thread" daemon [_thread_blocked, id=31800, stack(0x000000001c450000,0x000000001c550000)]
  0x000000001bb67800 JavaThread "C1 CompilerThread2" daemon [_thread_blocked, id=19364, stack(0x000000001c350000,0x000000001c450000)]
=>0x000000001bb59000 JavaThread "C2 CompilerThread1" daemon [_thread_in_native, id=4660, stack(0x000000001c250000,0x000000001c350000)]
  0x000000001a84b800 JavaThread "C2 CompilerThread0" daemon [_thread_in_vm, id=17492, stack(0x000000001c150000,0x000000001c250000)]
  0x000000001a7ff000 JavaThread "Attach Listener" daemon [_thread_blocked, id=32472, stack(0x000000001c050000,0x000000001c150000)]
  0x000000001bb58800 JavaThread "Signal Dispatcher" daemon [_thread_blocked, id=31096, stack(0x000000001bf50000,0x000000001c050000)]
  0x000000001a7d9800 JavaThread "Finalizer" daemon [_thread_blocked, id=31528, stack(0x000000001ba50000,0x000000001bb50000)]
  0x0000000003671000 JavaThread "Reference Handler" daemon [_thread_blocked, id=32424, stack(0x000000001b950000,0x000000001ba50000)]
  0x0000000003580800 JavaThread "main" [_thread_blocked, id=16492, stack(0x0000000003480000,0x0000000003580000)]

Other Threads:
  0x000000001a7b7000 VMThread [stack: 0x000000001b850000,0x000000001b950000] [id=11980]
  0x000000001bc1f800 WatcherThread [stack: 0x000000001c550000,0x000000001c650000] [id=15036]

VM state:not at safepoint (normal execution)

VM Mutex/Monitor currently owned by a thread: None

Heap:
 PSYoungGen      total 408064K, used 316665K [0x0000000780000000, 0x00000007a4480000, 0x00000007c0000000)
  eden space 279040K, 81% used [0x0000000780000000,0x000000078df2e620,0x0000000791080000)
  from space 129024K, 68% used [0x0000000791080000,0x000000079668fea8,0x0000000798e80000)
  to   space 135168K, 0% used [0x000000079c080000,0x000000079c080000,0x00000007a4480000)
 ParOldGen       total 523264K, used 263594K [0x0000000700000000, 0x000000071ff00000, 0x0000000780000000)
  object space 523264K, 50% used [0x0000000700000000,0x000000071016a908,0x000000071ff00000)
 Metaspace       used 112437K, capacity 118960K, committed 119128K, reserved 1153024K
  class space    used 14817K, capacity 16210K, committed 16216K, reserved 1048576K

Card table byte_map: [0x0000000012a40000,0x0000000013050000] byte_map_base: 0x000000000f240000

Marking Bits: (ParMarkBitMap*) 0x000000006d41c720
 Begin Bits: [0x0000000013850000, 0x0000000016850000)
 End Bits:   [0x0000000016850000, 0x0000000019850000)

Polling page: 0x0000000001850000

CodeCache: size=245760Kb used=60901Kb max_used=60935Kb free=184858Kb
 bounds [0x0000000003680000, 0x0000000007270000, 0x0000000012680000]
 total_blobs=18937 nmethods=18039 adapters=808
 compilation: enabled

Compilation events (10 events):
Event: 110.172 Thread 0x000000001a84b800 nmethod 23034 0x0000000005762290 code [0x0000000005762680, 0x0000000005764918]
Event: 110.172 Thread 0x000000001a84b800 23042       4       org.gradle.api.internal.artifacts.ivyservice.resolveengine.graph.builder.ResolveState::peek (29 bytes)
Event: 110.173 Thread 0x000000001a84b800 nmethod 23042 0x0000000004db9390 code [0x0000000004db94e0, 0x0000000004db95f8]
Event: 110.173 Thread 0x000000001a84b800 23040       4       java.io.ObjectOutputStream$BlockDataOutputStream::writeLong (48 bytes)
Event: 110.174 Thread 0x000000001a84b800 nmethod 23040 0x000000000545e3d0 code [0x000000000545e520, 0x000000000545e698]
Event: 110.176 Thread 0x000000001a84b800 23047       4       java.util.ArrayDeque$DeqIterator::<init> (37 bytes)
Event: 110.177 Thread 0x000000001a84b800 nmethod 23047 0x0000000004d0c350 code [0x0000000004d0c480, 0x0000000004d0c518]
Event: 110.177 Thread 0x000000001a84b800 23048   !   4       java.nio.file.FileTreeWalker::next (144 bytes)
Event: 110.261 Thread 0x000000001bb67800 23054       3       org.gradle.internal.change.CachingChangeContainer::accept (121 bytes)
Event: 110.261 Thread 0x000000001bb67800 nmethod 23054 0x00000000042cc550 code [0x00000000042cc760, 0x00000000042cd2a8]

GC Heap History (10 events):
Event: 61.136 GC heap before
{Heap before GC invocations=21 (full 4):
 PSYoungGen      total 308224K, used 63456K [0x0000000780000000, 0x000000079c180000, 0x00000007c0000000)
  eden space 244736K, 0% used [0x0000000780000000,0x0000000780000000,0x000000078ef00000)
  from space 63488K, 99% used [0x000000078ef00000,0x0000000792cf8200,0x0000000792d00000)
  to   space 92160K, 0% used [0x0000000796780000,0x0000000796780000,0x000000079c180000)
 ParOldGen       total 261632K, used 146790K [0x0000000700000000, 0x000000070ff80000, 0x0000000780000000)
  object space 261632K, 56% used [0x0000000700000000,0x0000000708f59838,0x000000070ff80000)
 Metaspace       used 93286K, capacity 98396K, committed 98496K, reserved 1134592K
  class space    used 12472K, capacity 13622K, committed 13656K, reserved 1048576K
Event: 61.829 GC heap after
Heap after GC invocations=21 (full 4):
 PSYoungGen      total 308224K, used 0K [0x0000000780000000, 0x000000079c180000, 0x00000007c0000000)
  eden space 244736K, 0% used [0x0000000780000000,0x0000000780000000,0x000000078ef00000)
  from space 63488K, 0% used [0x000000078ef00000,0x000000078ef00000,0x0000000792d00000)
  to   space 92160K, 0% used [0x0000000796780000,0x0000000796780000,0x000000079c180000)
 ParOldGen       total 523264K, used 179704K [0x0000000700000000, 0x000000071ff00000, 0x0000000780000000)
  object space 523264K, 34% used [0x0000000700000000,0x000000070af7e1d0,0x000000071ff00000)
 Metaspace       used 93250K, capacity 98294K, committed 98496K, reserved 1134592K
  class space    used 12461K, capacity 13603K, committed 13656K, reserved 1048576K
}
Event: 63.252 GC heap before
{Heap before GC invocations=22 (full 4):
 PSYoungGen      total 308224K, used 244736K [0x0000000780000000, 0x000000079c180000, 0x00000007c0000000)
  eden space 244736K, 100% used [0x0000000780000000,0x000000078ef00000,0x000000078ef00000)
  from space 63488K, 0% used [0x000000078ef00000,0x000000078ef00000,0x0000000792d00000)
  to   space 92160K, 0% used [0x0000000796780000,0x0000000796780000,0x000000079c180000)
 ParOldGen       total 523264K, used 179704K [0x0000000700000000, 0x000000071ff00000, 0x0000000780000000)
  object space 523264K, 34% used [0x0000000700000000,0x000000070af7e1d0,0x000000071ff00000)
 Metaspace       used 97778K, capacity 102876K, committed 103000K, reserved 1138688K
  class space    used 13010K, capacity 14164K, committed 14168K, reserved 1048576K
Event: 63.298 GC heap after
Heap after GC invocations=22 (full 4):
 PSYoungGen      total 364544K, used 59935K [0x0000000780000000, 0x000000079ce80000, 0x00000007c0000000)
  eden space 272384K, 0% used [0x0000000780000000,0x0000000780000000,0x0000000790a00000)
  from space 92160K, 65% used [0x0000000796780000,0x000000079a207d40,0x000000079c180000)
  to   space 95744K, 0% used [0x0000000790a00000,0x0000000790a00000,0x0000000796780000)
 ParOldGen       total 523264K, used 179712K [0x0000000700000000, 0x000000071ff00000, 0x0000000780000000)
  object space 523264K, 34% used [0x0000000700000000,0x000000070af801d0,0x000000071ff00000)
 Metaspace       used 97778K, capacity 102876K, committed 103000K, reserved 1138688K
  class space    used 13010K, capacity 14164K, committed 14168K, reserved 1048576K
}
Event: 76.581 GC heap before
{Heap before GC invocations=23 (full 4):
 PSYoungGen      total 364544K, used 332319K [0x0000000780000000, 0x000000079ce80000, 0x00000007c0000000)
  eden space 272384K, 100% used [0x0000000780000000,0x0000000790a00000,0x0000000790a00000)
  from space 92160K, 65% used [0x0000000796780000,0x000000079a207d40,0x000000079c180000)
  to   space 95744K, 0% used [0x0000000790a00000,0x0000000790a00000,0x0000000796780000)
 ParOldGen       total 523264K, used 179712K [0x0000000700000000, 0x000000071ff00000, 0x0000000780000000)
  object space 523264K, 34% used [0x0000000700000000,0x000000070af801d0,0x000000071ff00000)
 Metaspace       used 100125K, capacity 105204K, committed 105560K, reserved 1140736K
  class space    used 13196K, capacity 14352K, committed 14424K, reserved 1048576K
Event: 76.621 GC heap after
Heap after GC invocations=23 (full 4):
 PSYoungGen      total 368128K, used 64668K [0x0000000780000000, 0x000000079f000000, 0x00000007c0000000)
  eden space 272384K, 0% used [0x0000000780000000,0x0000000780000000,0x0000000790a00000)
  from space 95744K, 67% used [0x0000000790a00000,0x0000000794927270,0x0000000796780000)
  to   space 99840K, 0% used [0x0000000798e80000,0x0000000798e80000,0x000000079f000000)
 ParOldGen       total 523264K, used 179720K [0x0000000700000000, 0x000000071ff00000, 0x0000000780000000)
  object space 523264K, 34% used [0x0000000700000000,0x000000070af821d0,0x000000071ff00000)
 Metaspace       used 100125K, capacity 105204K, committed 105560K, reserved 1140736K
  class space    used 13196K, capacity 14352K, committed 14424K, reserved 1048576K
}
Event: 97.462 GC heap before
{Heap before GC invocations=24 (full 4):
 PSYoungGen      total 368128K, used 337052K [0x0000000780000000, 0x000000079f000000, 0x00000007c0000000)
  eden space 272384K, 100% used [0x0000000780000000,0x0000000790a00000,0x0000000790a00000)
  from space 95744K, 67% used [0x0000000790a00000,0x0000000794927270,0x0000000796780000)
  to   space 99840K, 0% used [0x0000000798e80000,0x0000000798e80000,0x000000079f000000)
 ParOldGen       total 523264K, used 179720K [0x0000000700000000, 0x000000071ff00000, 0x0000000780000000)
  object space 523264K, 34% used [0x0000000700000000,0x000000070af821d0,0x000000071ff00000)
 Metaspace       used 109256K, capacity 114998K, committed 115032K, reserved 1148928K
  class space    used 14408K, capacity 15689K, committed 15704K, reserved 1048576K
Event: 97.585 GC heap after
Heap after GC invocations=24 (full 4):
 PSYoungGen      total 378880K, used 99836K [0x0000000780000000, 0x00000007a2600000, 0x00000007c0000000)
  eden space 279040K, 0% used [0x0000000780000000,0x0000000780000000,0x0000000791080000)
  from space 99840K, 99% used [0x0000000798e80000,0x000000079efff1c0,0x000000079f000000)
  to   space 129024K, 0% used [0x0000000791080000,0x0000000791080000,0x0000000798e80000)
 ParOldGen       total 523264K, used 214901K [0x0000000700000000, 0x000000071ff00000, 0x0000000780000000)
  object space 523264K, 41% used [0x0000000700000000,0x000000070d1dd4f8,0x000000071ff00000)
 Metaspace       used 109256K, capacity 114998K, committed 115032K, reserved 1148928K
  class space    used 14408K, capacity 15689K, committed 15704K, reserved 1048576K
}
Event: 100.053 GC heap before
{Heap before GC invocations=25 (full 4):
 PSYoungGen      total 378880K, used 378876K [0x0000000780000000, 0x00000007a2600000, 0x00000007c0000000)
  eden space 279040K, 100% used [0x0000000780000000,0x0000000791080000,0x0000000791080000)
  from space 99840K, 99% used [0x0000000798e80000,0x000000079efff1c0,0x000000079f000000)
  to   space 129024K, 0% used [0x0000000791080000,0x0000000791080000,0x0000000798e80000)
 ParOldGen       total 523264K, used 214901K [0x0000000700000000, 0x000000071ff00000, 0x0000000780000000)
  object space 523264K, 41% used [0x0000000700000000,0x000000070d1dd4f8,0x000000071ff00000)
 Metaspace       used 109592K, capacity 115352K, committed 115544K, reserved 1148928K
  class space    used 14413K, capacity 15690K, committed 15704K, reserved 1048576K
Event: 100.143 GC heap after
Heap after GC invocations=25 (full 4):
 PSYoungGen      total 408064K, used 88127K [0x0000000780000000, 0x00000007a4480000, 0x00000007c0000000)
  eden space 279040K, 0% used [0x0000000780000000,0x0000000780000000,0x0000000791080000)
  from space 129024K, 68% used [0x0000000791080000,0x000000079668fea8,0x0000000798e80000)
  to   space 135168K, 0% used [0x000000079c080000,0x000000079c080000,0x00000007a4480000)
 ParOldGen       total 523264K, used 263594K [0x0000000700000000, 0x000000071ff00000, 0x0000000780000000)
  object space 523264K, 50% used [0x0000000700000000,0x000000071016a908,0x000000071ff00000)
 Metaspace       used 109592K, capacity 115352K, committed 115544K, reserved 1148928K
  class space    used 14413K, capacity 15690K, committed 15704K, reserved 1048576K
}

Deoptimization events (10 events):
Event: 109.392 Thread 0x000000001d7f3800 Uncommon trap: reason=unstable_if action=reinterpret pc=0x0000000006f672f8 method=java.util.stream.MatchOps$BooleanTerminalSink.<init>(Ljava/util/stream/MatchOps$MatchKind;)V @ 9
Event: 109.392 Thread 0x000000001d7f3800 Uncommon trap: reason=bimorphic action=maybe_recompile pc=0x0000000006f6b1e8 method=java.util.stream.MatchOps$1MatchSink.accept(Ljava/lang/Object;)V @ 12
Event: 109.590 Thread 0x000000001d7f3800 Uncommon trap: reason=unstable_if action=reinterpret pc=0x000000000701eea8 method=java.util.stream.MatchOps$BooleanTerminalSink.<init>(Ljava/util/stream/MatchOps$MatchKind;)V @ 9
Event: 109.590 Thread 0x000000001d7f3800 Uncommon trap: reason=bimorphic action=maybe_recompile pc=0x0000000006f6b1e8 method=java.util.stream.MatchOps$1MatchSink.accept(Ljava/lang/Object;)V @ 12
Event: 109.773 Thread 0x000000002320e000 Uncommon trap: reason=unstable_if action=reinterpret pc=0x0000000004fb24c4 method=org.gradle.internal.service.DefaultServiceRegistry$ManagedObjectServiceProvider.getInstance()Ljava/lang/Object; @ 19
Event: 109.773 Thread 0x000000001f396000 Uncommon trap: reason=unstable_if action=reinterpret pc=0x0000000004fb24c4 method=org.gradle.internal.service.DefaultServiceRegistry$ManagedObjectServiceProvider.getInstance()Ljava/lang/Object; @ 19
Event: 109.773 Thread 0x000000002320b000 Uncommon trap: reason=unstable_if action=reinterpret pc=0x0000000004fb24c4 method=org.gradle.internal.service.DefaultServiceRegistry$ManagedObjectServiceProvider.getInstance()Ljava/lang/Object; @ 19
Event: 109.774 Thread 0x000000001f396000 Uncommon trap: reason=unstable_if action=reinterpret pc=0x0000000004e47804 method=org.gradle.internal.service.DefaultServiceRegistry$SingletonService.prepare()Lorg/gradle/internal/service/DefaultServiceRegistry$Service; @ 68
Event: 109.774 Thread 0x000000001d7f3800 Uncommon trap: reason=unstable_if action=reinterpret pc=0x0000000005777194 method=org.gradle.internal.service.DefaultServiceRegistry$ManagedObjectServiceProvider.getInstance()Ljava/lang/Object; @ 19
Event: 109.851 Thread 0x000000001d7f3800 Uncommon trap: reason=unstable_if action=reinterpret pc=0x0000000005d487ac method=com.sun.org.apache.xerces.internal.impl.XMLDocumentFragmentScannerImpl$FragmentContentDriver.next()I @ 2226

Internal exceptions (10 events):
Event: 109.388 Thread 0x000000001d7f3800 Exception <a 'sun/nio/fs/WindowsException'> (0x00000007894835b8) thrown at [C:\re\workspace\8-2-build-windows-amd64-cygwin\jdk8u131\8869\hotspot\src\share\vm\prims\jni.cpp, line 709]
Event: 109.388 Thread 0x000000001d7f3800 Exception <a 'sun/nio/fs/WindowsException'> (0x0000000789485710) thrown at [C:\re\workspace\8-2-build-windows-amd64-cygwin\jdk8u131\8869\hotspot\src\share\vm\prims\jni.cpp, line 709]
Event: 109.388 Thread 0x000000001d7f3800 Exception <a 'sun/nio/fs/WindowsException'> (0x0000000789486488) thrown at [C:\re\workspace\8-2-build-windows-amd64-cygwin\jdk8u131\8869\hotspot\src\share\vm\prims\jni.cpp, line 709]
Event: 109.451 Thread 0x000000001d7f3800 Exception <a 'sun/nio/fs/WindowsException'> (0x0000000789a84e78) thrown at [C:\re\workspace\8-2-build-windows-amd64-cygwin\jdk8u131\8869\hotspot\src\share\vm\prims\jni.cpp, line 709]
Event: 109.483 Thread 0x000000001d7f3800 Exception <a 'sun/nio/fs/WindowsException'> (0x0000000789d1d728) thrown at [C:\re\workspace\8-2-build-windows-amd64-cygwin\jdk8u131\8869\hotspot\src\share\vm\prims\jni.cpp, line 709]
Event: 109.509 Thread 0x000000001d7f3800 Exception <a 'sun/nio/fs/WindowsException'> (0x0000000789fa8ab0) thrown at [C:\re\workspace\8-2-build-windows-amd64-cygwin\jdk8u131\8869\hotspot\src\share\vm\prims\jni.cpp, line 709]
Event: 109.534 Thread 0x000000001d7f3800 Exception <a 'sun/nio/fs/WindowsException'> (0x000000078a2460e8) thrown at [C:\re\workspace\8-2-build-windows-amd64-cygwin\jdk8u131\8869\hotspot\src\share\vm\prims\jni.cpp, line 709]
Event: 109.560 Thread 0x000000001d7f3800 Exception <a 'sun/nio/fs/WindowsException'> (0x000000078a4f0f90) thrown at [C:\re\workspace\8-2-build-windows-amd64-cygwin\jdk8u131\8869\hotspot\src\share\vm\prims\jni.cpp, line 709]
Event: 109.584 Thread 0x000000001d7f3800 Exception <a 'sun/nio/fs/WindowsException'> (0x000000078a785960) thrown at [C:\re\workspace\8-2-build-windows-amd64-cygwin\jdk8u131\8869\hotspot\src\share\vm\prims\jni.cpp, line 709]
Event: 109.604 Thread 0x000000001d7f3800 Exception <a 'sun/nio/fs/WindowsException'> (0x000000078aa2ce70) thrown at [C:\re\workspace\8-2-build-windows-amd64-cygwin\jdk8u131\8869\hotspot\src\share\vm\prims\jni.cpp, line 709]

Events (10 events):
Event: 110.151 Executing VM operation: RevokeBias
Event: 110.151 Executing VM operation: RevokeBias done
Event: 110.151 Executing VM operation: RevokeBias
Event: 110.152 Executing VM operation: RevokeBias done
Event: 110.152 Executing VM operation: RevokeBias
Event: 110.152 Executing VM operation: RevokeBias done
Event: 110.152 Executing VM operation: RevokeBias
Event: 110.153 Executing VM operation: RevokeBias done
Event: 110.158 Executing VM operation: RevokeBias
Event: 110.158 Executing VM operation: RevokeBias done


Dynamic libraries:
0x00007ff704770000 - 0x00007ff7047a7000 	D:\Java\jdk1.8.0_131\bin\java.exe
0x00007ffc137f0000 - 0x00007ffc139e8000 	C:\WINDOWS\SYSTEM32\ntdll.dll
0x00007ffc11f50000 - 0x00007ffc1200d000 	C:\WINDOWS\System32\KERNEL32.DLL
0x00007ffc11020000 - 0x00007ffc112f2000 	C:\WINDOWS\System32\KERNELBASE.dll
0x00007ffc123f0000 - 0x00007ffc1249e000 	C:\WINDOWS\System32\ADVAPI32.dll
0x00007ffc11e10000 - 0x00007ffc11eae000 	C:\WINDOWS\System32\msvcrt.dll
0x00007ffc11eb0000 - 0x00007ffc11f4c000 	C:\WINDOWS\System32\sechost.dll
0x00007ffc11850000 - 0x00007ffc11975000 	C:\WINDOWS\System32\RPCRT4.dll
0x00007ffc121c0000 - 0x00007ffc1235d000 	C:\WINDOWS\System32\USER32.dll
0x00007ffc116f0000 - 0x00007ffc11712000 	C:\WINDOWS\System32\win32u.dll
0x00007ffc12d30000 - 0x00007ffc12d5b000 	C:\WINDOWS\System32\GDI32.dll
0x00007ffc11300000 - 0x00007ffc1140f000 	C:\WINDOWS\System32\gdi32full.dll
0x00007ffc117b0000 - 0x00007ffc1184d000 	C:\WINDOWS\System32\msvcp_win.dll
0x00007ffc115c0000 - 0x00007ffc116c0000 	C:\WINDOWS\System32\ucrtbase.dll
0x00007ffc04080000 - 0x00007ffc0431a000 	C:\WINDOWS\WinSxS\amd64_microsoft.windows.common-controls_6595b64144ccf1df_6.0.19041.1110_none_60b5254171f9507e\COMCTL32.dll
0x00007ffc12010000 - 0x00007ffc12040000 	C:\WINDOWS\System32\IMM32.DLL
0x000000006d4a0000 - 0x000000006d572000 	D:\Java\jdk1.8.0_131\jre\bin\msvcr100.dll
0x000000006cc00000 - 0x000000006d49c000 	D:\Java\jdk1.8.0_131\jre\bin\server\jvm.dll
0x00007ffc11ce0000 - 0x00007ffc11ce8000 	C:\WINDOWS\System32\PSAPI.DLL
0x00007ffbfc740000 - 0x00007ffbfc767000 	C:\WINDOWS\SYSTEM32\WINMM.dll
0x00007ffc0f670000 - 0x00007ffc0f67a000 	C:\WINDOWS\SYSTEM32\VERSION.dll
0x00007ffc0f770000 - 0x00007ffc0f779000 	C:\WINDOWS\SYSTEM32\WSOCK32.dll
0x00007ffc12cb0000 - 0x00007ffc12d1b000 	C:\WINDOWS\System32\WS2_32.dll
0x000000006e010000 - 0x000000006e01f000 	D:\Java\jdk1.8.0_131\jre\bin\verify.dll
0x000000006dfe0000 - 0x000000006e009000 	D:\Java\jdk1.8.0_131\jre\bin\java.dll
0x000000006dfc0000 - 0x000000006dfd6000 	D:\Java\jdk1.8.0_131\jre\bin\zip.dll
0x00007ffc12560000 - 0x00007ffc12ca3000 	C:\WINDOWS\System32\SHELL32.dll
0x00007ffc0eec0000 - 0x00007ffc0f651000 	C:\WINDOWS\SYSTEM32\windows.storage.dll
0x00007ffc11980000 - 0x00007ffc11cd4000 	C:\WINDOWS\System32\combase.dll
0x00007ffc10880000 - 0x00007ffc108b0000 	C:\WINDOWS\SYSTEM32\Wldp.dll
0x00007ffc13060000 - 0x00007ffc1310d000 	C:\WINDOWS\System32\SHCORE.dll
0x00007ffc124a0000 - 0x00007ffc124f5000 	C:\WINDOWS\System32\shlwapi.dll
0x00007ffc10e40000 - 0x00007ffc10e5f000 	C:\WINDOWS\SYSTEM32\profapi.dll
0x000000006dfa0000 - 0x000000006dfba000 	D:\Java\jdk1.8.0_131\jre\bin\net.dll
0x00007ffc105e0000 - 0x00007ffc1064a000 	C:\WINDOWS\system32\mswsock.dll
0x000000006cbe0000 - 0x000000006cbf1000 	D:\Java\jdk1.8.0_131\jre\bin\nio.dll
0x00007ffc078f0000 - 0x00007ffc0790e000 	D:\.gradle\native\25\windows-amd64\native-platform.dll
0x000000006cbd0000 - 0x000000006cbdd000 	D:\Java\jdk1.8.0_131\jre\bin\management.dll
0x00007ffc107e0000 - 0x00007ffc107f8000 	C:\WINDOWS\SYSTEM32\CRYPTSP.dll
0x00007ffc0ff00000 - 0x00007ffc0ff34000 	C:\WINDOWS\system32\rsaenh.dll
0x00007ffc116c0000 - 0x00007ffc116e7000 	C:\WINDOWS\System32\bcrypt.dll
0x00007ffc10d70000 - 0x00007ffc10d9e000 	C:\WINDOWS\SYSTEM32\USERENV.dll
0x00007ffc11720000 - 0x00007ffc117a2000 	C:\WINDOWS\System32\bcryptprimitives.dll
0x00007ffc107d0000 - 0x00007ffc107dc000 	C:\WINDOWS\SYSTEM32\CRYPTBASE.dll
0x00007ffc102d0000 - 0x00007ffc1030b000 	C:\WINDOWS\SYSTEM32\IPHLPAPI.DLL
0x00007ffc12d20000 - 0x00007ffc12d28000 	C:\WINDOWS\System32\NSI.dll
0x00007ffc0b500000 - 0x00007ffc0b517000 	C:\WINDOWS\SYSTEM32\dhcpcsvc6.DLL
0x00007ffc0b540000 - 0x00007ffc0b55d000 	C:\WINDOWS\SYSTEM32\dhcpcsvc.DLL
0x00007ffc10310000 - 0x00007ffc103da000 	C:\WINDOWS\SYSTEM32\DNSAPI.dll
0x00007ffc0ffb0000 - 0x00007ffc0ffe3000 	C:\WINDOWS\SYSTEM32\ntmarta.dll

VM Arguments:
jvm_args: -Xmx3072m -Dfile.encoding=UTF-8 -Duser.country=CN -Duser.language=zh -Duser.variant 
java_command: org.gradle.launcher.daemon.bootstrap.GradleDaemon 5.1.1
java_class_path (initial): D:\.gradle\wrapper\dists\gradle-5.1.1-all\97z1ksx6lirer3kbvdnh7jtjg\gradle-5.1.1\lib\gradle-launcher-5.1.1.jar
Launcher Type: SUN_STANDARD

Environment Variables:
JAVA_HOME=D:\Java\jdk1.8.0_131
CLASSPATH=.;D:\Java\jdk1.8.0_131\lib;D:\Java\jdk1.8.0_131\lib\tools.jar
PATH=D:\apache-maven-3.6.3-bin\bin;C:\WINDOWS\system32;C:\WINDOWS;C:\WINDOWS\System32\Wbem;C:\WINDOWS\System32\WindowsPowerShell\v1.0\;C:\Program Files\IDM Computer Solutions\UltraEdit;D:\Android_sdk\platform-tools;D:\Android_sdk\tools;D:\Java\jdk1.8.0_131\bin;C:\Users\ztq\.gradle\wrapper\dists\gradle-5.1.1-all\97z1ksx6lirer3kbvdnh7jtjg\gradle-5.1.1\bin;D:\OpenSSL-Win64\bin;C:\WINDOWS\System32\OpenSSH\;D:\apache-tomcat-8.5.57\lib;D:\apache-tomcat-8.5.57\lib\servlet-api.jar;D:\apache-tomcat-8.5.57\lib\jsp-api.jar;D:\TortoiseGit\bin;C:\Program Files\MySQL\MySQL Server 5.7\bin;D:\Microsoft VS Code\bin;D:\hadoop-2.9.2\bin;D:\UltraEdit;D:\TortoiseSVN\bin;D:\Git\cmd;C:\Program Files (x86)\Microsoft SQL Server\90\Tools\binn\;D:\scala\bin;D:\Python2.7.10;C:\Users\ztq\AppData\Local\Microsoft\WindowsApps;
USERNAME=ztq
OS=Windows_NT
PROCESSOR_IDENTIFIER=Intel64 Family 6 Model 60 Stepping 3, GenuineIntel



---------------  S Y S T E M  ---------------

OS: Windows 10.0 , 64 bit Build 19041 (10.0.19041.1889)

CPU:total 4 (initial active 4) (4 cores per cpu, 1 threads per core) family 6 model 60 stepping 3, cmov, cx8, fxsr, mmx, sse, sse2, sse3, ssse3, sse4.1, sse4.2, popcnt, avx, avx2, aes, clmul, erms, lzcnt, tsc, tscinvbit, bmi1, bmi2

Memory: 4k page, physical 16695744k(4280720k free), swap 30593796k(6980k free)

vm_info: Java HotSpot(TM) 64-Bit Server VM (25.131-b11) for windows-amd64 JRE (1.8.0_131-b11), built on Mar 15 2017 01:23:53 by "java_re" with MS VC++ 10.0 (VS2010)

time: Fri Nov 04 11:38:11 2022
elapsed time: 110 seconds (0d 0h 1m 50s)

